<?xml version="1.0" encoding="UTF-8"?>
<testng-results ignored="0" total="1" passed="1" failed="0" skipped="0">
  <reporter-output>
  </reporter-output>
  <suite started-at="2024-02-29T23:00:23 IST" name="Suite" finished-at="2024-02-29T23:00:27 IST" duration-ms="3672">
    <groups>
    </groups>
    <test started-at="2024-02-29T23:00:23 IST" name="Test" finished-at="2024-02-29T23:00:27 IST" duration-ms="3672">
      <class name="TestNG.Data_driven.readExcel">
        <test-method signature="fblogin()[pri:0, instance:TestNG.Data_driven.readExcel@be35cd9]" started-at="2024-02-29T23:00:23 IST" name="fblogin" finished-at="2024-02-29T23:00:27 IST" duration-ms="3646" status="PASS">
          <reporter-output>
          </reporter-output>
        </test-method> <!-- fblogin -->
      </class> <!-- TestNG.Data_driven.readExcel -->
    </test> <!-- Test -->
  </suite> <!-- Suite -->
</testng-results>
