<?xml version="1.0" encoding="UTF-8"?>
<testng-results ignored="0" total="1" passed="1" failed="0" skipped="0">
  <reporter-output>
  </reporter-output>
  <suite started-at="2024-02-27T14:09:02 IST" name="Default suite" finished-at="2024-02-27T14:09:06 IST" duration-ms="3705">
    <groups>
    </groups>
    <test started-at="2024-02-27T14:09:02 IST" name="Default test" finished-at="2024-02-27T14:09:06 IST" duration-ms="3705">
      <class name="TestNG.Data_driven.WriteExcel">
        <test-method signature="fblogin()[pri:0, instance:TestNG.Data_driven.WriteExcel@290222c1]" started-at="2024-02-27T14:09:02 IST" name="fblogin" finished-at="2024-02-27T14:09:06 IST" duration-ms="3661" status="PASS">
          <reporter-output>
          </reporter-output>
        </test-method> <!-- fblogin -->
      </class> <!-- TestNG.Data_driven.WriteExcel -->
    </test> <!-- Default test -->
  </suite> <!-- Default suite -->
</testng-results>
